SF:lib\common\exception.dart
DA:6,4
LF:1
LH:1
end_of_record
SF:lib\data\datasources\movie\movie_local_data_source.dart
DA:15,1
DA:18,1
DA:20,3
DA:23,2
DA:28,1
DA:30,3
DA:33,2
DA:38,1
DA:39,3
DA:41,1
DA:48,1
DA:49,3
DA:50,4
LF:13
LH:13
end_of_record
SF:lib\data\models\movie\movie_table.dart
DA:11,2
DA:18,2
DA:19,1
DA:20,1
DA:21,1
DA:22,1
DA:25,2
DA:26,1
DA:27,1
DA:28,1
DA:29,1
DA:32,0
DA:33,0
DA:34,0
DA:35,0
DA:36,0
DA:39,2
DA:40,1
DA:41,1
DA:42,1
DA:43,1
DA:46,2
DA:48,10
LF:23
LH:18
end_of_record
SF:lib\domain\entities\genre.dart
DA:4,12
DA:12,4
DA:13,12
LF:3
LH:3
end_of_record
SF:lib\domain\entities\movie\movie.dart
DA:4,3
DA:20,2
DA:41,3
DA:42,3
DA:43,3
DA:44,3
DA:45,3
DA:46,3
DA:47,3
DA:48,3
DA:49,3
DA:50,3
DA:51,3
DA:52,3
DA:53,3
DA:54,3
DA:55,3
LF:17
LH:17
end_of_record
SF:lib\domain\entities\movie\movie_detail.dart
DA:5,6
DA:33,2
DA:34,2
DA:35,2
DA:36,2
DA:37,2
DA:38,2
DA:39,2
DA:40,2
DA:41,2
DA:42,2
DA:43,2
DA:44,2
DA:45,2
LF:14
LH:14
end_of_record
SF:lib\common\failure.dart
DA:6,16
DA:8,2
DA:9,4
DA:13,32
DA:17,4
DA:21,8
DA:24,0
LF:7
LH:6
end_of_record
SF:lib\data\datasources\db\database_helper.dart
DA:8,0
DA:12,0
DA:16,0
DA:18,0
DA:25,0
DA:26,0
DA:27,0
DA:29,0
DA:33,0
DA:34,0
DA:41,0
DA:44,0
DA:45,0
DA:46,0
DA:50,0
DA:51,0
DA:52,0
DA:55,0
DA:59,0
DA:60,0
DA:61,0
DA:64,0
DA:67,0
DA:68,0
DA:75,0
DA:76,0
DA:77,0
LF:27
LH:0
end_of_record
SF:lib\data\datasources\movie\movie_remote_data_source.dart
DA:24,1
DA:27,1
DA:29,5
DA:31,2
DA:32,4
DA:34,1
DA:39,1
DA:41,5
DA:43,2
DA:44,3
DA:46,1
DA:51,1
DA:52,2
DA:53,3
DA:55,2
DA:56,4
DA:58,1
DA:63,1
DA:65,5
DA:67,2
DA:68,4
DA:70,1
DA:75,1
DA:77,5
DA:79,2
DA:80,4
DA:82,1
DA:87,1
DA:88,2
DA:89,3
DA:91,2
DA:92,4
DA:94,1
LF:33
LH:33
end_of_record
SF:lib\data\models\movie\movie_detail_model.dart
DA:6,2
DA:52,1
DA:53,1
DA:54,1
DA:55,1
DA:56,1
DA:57,1
DA:58,4
DA:59,1
DA:60,1
DA:61,1
DA:62,1
DA:63,1
DA:64,1
DA:65,2
DA:66,1
DA:67,1
DA:68,1
DA:69,1
DA:70,1
DA:71,1
DA:72,1
DA:73,1
DA:74,2
DA:75,1
DA:78,0
DA:79,0
DA:80,0
DA:81,0
DA:82,0
DA:83,0
DA:84,0
DA:85,0
DA:86,0
DA:87,0
DA:88,0
DA:89,0
DA:90,0
DA:91,0
DA:92,0
DA:93,0
DA:94,0
DA:95,0
DA:96,0
DA:97,0
DA:98,0
DA:99,0
DA:102,1
DA:103,1
DA:104,1
DA:105,1
DA:106,5
DA:107,1
DA:108,1
DA:109,1
DA:110,1
DA:111,1
DA:112,1
DA:113,1
DA:114,1
DA:115,1
DA:119,1
DA:121,1
DA:122,1
DA:123,1
DA:124,1
DA:125,1
DA:126,1
DA:127,1
DA:128,1
DA:129,1
DA:130,1
DA:131,1
DA:132,1
DA:133,1
DA:134,1
DA:135,1
DA:136,1
DA:137,1
DA:138,1
DA:139,1
DA:140,1
DA:141,1
DA:142,1
LF:84
LH:62
end_of_record
SF:lib\data\models\movie\movie_model.dart
DA:5,4
DA:35,4
DA:36,2
DA:37,2
DA:38,8
DA:39,2
DA:40,2
DA:41,2
DA:42,4
DA:43,2
DA:44,2
DA:45,2
DA:46,2
DA:47,4
DA:48,2
DA:51,2
DA:52,1
DA:53,1
DA:54,4
DA:55,1
DA:56,1
DA:57,1
DA:58,1
DA:59,1
DA:60,1
DA:61,1
DA:62,1
DA:63,1
DA:64,1
DA:67,2
DA:68,2
DA:69,2
DA:70,2
DA:71,2
DA:72,2
DA:73,2
DA:74,2
DA:75,2
DA:76,2
DA:77,2
DA:78,2
DA:79,2
DA:80,2
DA:81,2
DA:85,2
DA:86,2
DA:87,2
DA:88,2
DA:89,2
DA:90,2
DA:91,2
DA:92,2
DA:93,2
DA:94,2
DA:95,2
DA:96,2
DA:97,2
DA:98,2
DA:99,2
LF:59
LH:59
end_of_record
SF:lib\data\models\movie\movie_response.dart
DA:7,2
DA:9,4
DA:10,4
DA:11,6
DA:12,6
DA:15,2
DA:16,5
DA:19,1
DA:20,2
LF:9
LH:9
end_of_record
SF:lib\data\models\genre_model.dart
DA:5,4
DA:13,4
DA:14,2
DA:15,2
DA:18,0
DA:19,0
DA:20,0
DA:23,2
DA:24,6
DA:27,2
DA:28,6
LF:11
LH:8
end_of_record
SF:lib\data\datasources\tv\tv_local_data_source.dart
DA:15,1
DA:18,1
DA:20,3
DA:23,2
DA:28,1
DA:30,2
DA:33,2
DA:38,1
DA:39,3
DA:41,1
DA:48,1
DA:49,3
DA:50,4
LF:13
LH:13
end_of_record
SF:lib\data\models\tv\tv_table.dart
DA:11,2
DA:18,2
DA:19,1
DA:20,1
DA:21,1
DA:22,1
DA:25,2
DA:26,1
DA:27,1
DA:28,1
DA:29,1
DA:32,0
DA:33,0
DA:34,0
DA:35,0
DA:36,0
DA:39,2
DA:40,1
DA:41,1
DA:42,1
DA:43,1
DA:46,2
DA:48,10
LF:23
LH:18
end_of_record
SF:lib\domain\entities\tv\tv.dart
DA:4,3
DA:18,2
DA:37,3
DA:38,3
DA:39,3
DA:40,3
DA:41,3
DA:42,3
DA:43,3
DA:44,3
DA:45,3
DA:46,3
DA:47,3
DA:48,3
DA:49,3
LF:15
LH:15
end_of_record
SF:lib\domain\entities\tv\tv_detail.dart
DA:5,6
DA:29,2
DA:30,2
DA:31,2
DA:32,2
DA:33,2
DA:34,2
DA:35,2
DA:36,2
DA:37,2
DA:38,2
DA:39,2
DA:40,2
LF:13
LH:13
end_of_record
SF:lib\data\datasources\db\database_helper_tvs.dart
DA:8,0
DA:12,0
DA:16,0
DA:18,0
DA:25,0
DA:26,0
DA:27,0
DA:29,0
DA:33,0
DA:34,0
DA:41,0
DA:44,0
DA:45,0
DA:46,0
DA:49,0
DA:50,0
DA:51,0
DA:54,0
DA:58,0
DA:59,0
DA:60,0
DA:63,0
DA:65,0
DA:66,0
DA:72,0
DA:73,0
DA:74,0
LF:27
LH:0
end_of_record
SF:lib\data\datasources\tv\tv_remote_data_source.dart
DA:24,1
DA:27,1
DA:29,5
DA:31,2
DA:32,4
DA:34,1
DA:39,1
DA:41,5
DA:43,2
DA:44,3
DA:46,1
DA:51,1
DA:52,2
DA:53,3
DA:55,2
DA:56,4
DA:58,1
DA:63,1
DA:65,5
DA:67,2
DA:68,4
DA:70,1
DA:75,1
DA:77,5
DA:79,2
DA:80,4
DA:82,1
DA:87,1
DA:88,2
DA:89,3
DA:91,2
DA:92,4
DA:94,1
LF:33
LH:33
end_of_record
SF:lib\data\models\tv\tv_detail_model.dart
DA:6,2
DA:46,2
DA:47,1
DA:48,1
DA:49,5
DA:50,1
DA:51,1
DA:52,1
DA:53,1
DA:54,1
DA:55,1
DA:56,1
DA:57,1
DA:58,2
DA:59,1
DA:60,1
DA:61,1
DA:62,1
DA:63,2
DA:64,1
DA:67,0
DA:68,0
DA:69,0
DA:70,0
DA:71,0
DA:72,0
DA:73,0
DA:74,0
DA:75,0
DA:76,0
DA:77,0
DA:78,0
DA:79,0
DA:80,0
DA:81,0
DA:82,0
DA:83,0
DA:84,0
DA:85,0
DA:87,1
DA:88,1
DA:89,1
DA:90,5
DA:91,1
DA:92,1
DA:93,1
DA:94,1
DA:95,1
DA:96,1
DA:97,1
DA:98,1
DA:102,1
DA:104,1
DA:105,1
DA:106,1
DA:107,1
DA:108,1
DA:109,1
DA:110,1
DA:111,1
DA:112,1
DA:113,1
DA:114,1
DA:115,1
DA:116,1
DA:117,1
DA:118,1
DA:119,1
DA:120,1
DA:121,1
DA:122,1
LF:71
LH:52
end_of_record
SF:lib\data\models\tv\tv_model.dart
DA:5,4
DA:30,4
DA:31,2
DA:32,8
DA:33,2
DA:34,2
DA:35,2
DA:36,4
DA:37,2
DA:38,2
DA:39,2
DA:40,4
DA:41,2
DA:43,2
DA:44,1
DA:45,4
DA:46,1
DA:47,1
DA:48,1
DA:49,1
DA:50,1
DA:51,1
DA:52,1
DA:53,1
DA:54,1
DA:56,2
DA:57,2
DA:58,2
DA:59,2
DA:60,2
DA:61,2
DA:62,2
DA:63,2
DA:64,2
DA:65,2
DA:66,2
DA:67,2
DA:68,2
DA:71,2
DA:72,2
DA:73,2
DA:74,2
DA:75,2
DA:76,2
DA:77,2
DA:78,2
DA:79,2
DA:80,2
DA:81,2
DA:82,2
DA:83,2
LF:51
LH:51
end_of_record
SF:lib\data\models\tv\tv_response.dart
DA:7,2
DA:9,4
DA:10,4
DA:11,6
DA:12,6
DA:15,2
DA:16,5
DA:19,1
DA:20,2
LF:9
LH:9
end_of_record
SF:lib\data\repositories\movie_repository_impl.dart
DA:17,1
DA:23,1
DA:25,3
DA:26,5
DA:27,1
DA:28,2
DA:29,1
DA:30,2
DA:31,0
DA:32,0
DA:37,1
DA:39,3
DA:40,2
DA:41,1
DA:42,2
DA:43,1
DA:44,2
DA:45,0
DA:46,0
DA:51,1
DA:53,3
DA:54,3
DA:55,1
DA:56,2
DA:57,1
DA:58,2
DA:59,0
DA:60,0
DA:65,1
DA:67,3
DA:68,5
DA:69,1
DA:70,2
DA:71,1
DA:72,2
DA:73,0
DA:74,0
DA:79,1
DA:81,3
DA:82,5
DA:83,1
DA:84,2
DA:85,1
DA:86,2
DA:87,0
DA:88,0
DA:93,1
DA:95,3
DA:96,5
DA:97,1
DA:98,2
DA:99,1
DA:100,2
DA:101,0
DA:102,0
DA:107,1
DA:110,4
DA:111,1
DA:112,1
DA:113,3
DA:120,1
DA:123,4
DA:124,1
DA:125,1
DA:126,3
DA:131,1
DA:132,3
DA:137,1
DA:138,3
DA:139,5
LF:70
LH:58
end_of_record
SF:lib\data\repositories\tv_repository_impl.dart
DA:17,1
DA:23,1
DA:25,3
DA:26,5
DA:27,1
DA:28,2
DA:29,1
DA:30,2
DA:31,0
DA:32,0
DA:37,1
DA:39,3
DA:40,2
DA:41,1
DA:42,2
DA:43,1
DA:44,2
DA:45,0
DA:46,0
DA:51,1
DA:53,3
DA:54,3
DA:55,1
DA:56,2
DA:57,1
DA:58,2
DA:59,0
DA:60,0
DA:65,1
DA:67,3
DA:68,5
DA:69,1
DA:70,2
DA:71,1
DA:72,2
DA:73,0
DA:74,0
DA:79,1
DA:81,3
DA:82,5
DA:83,1
DA:84,2
DA:85,1
DA:86,2
DA:87,0
DA:88,0
DA:93,1
DA:95,3
DA:96,5
DA:97,1
DA:98,2
DA:99,1
DA:100,2
DA:101,0
DA:102,0
DA:107,1
DA:110,4
DA:111,1
DA:112,1
DA:113,3
DA:120,1
DA:123,4
DA:124,1
DA:125,1
DA:126,3
DA:131,1
DA:132,3
DA:137,1
DA:138,3
DA:139,5
LF:70
LH:58
end_of_record
SF:lib\domain\usecases\movie\get_movie_detail.dart
DA:9,1
DA:11,1
DA:12,2
LF:3
LH:3
end_of_record
SF:lib\domain\usecases\movie\get_movie_recommendations.dart
DA:9,1
DA:11,1
DA:12,2
LF:3
LH:3
end_of_record
SF:lib\domain\usecases\movie\get_now_playing_movies.dart
DA:9,1
DA:11,1
DA:12,2
LF:3
LH:3
end_of_record
SF:lib\domain\usecases\movie\get_popular_movies.dart
DA:9,1
DA:11,1
DA:12,2
LF:3
LH:3
end_of_record
SF:lib\domain\usecases\movie\get_top_rated_movies.dart
DA:9,1
DA:11,1
DA:12,2
LF:3
LH:3
end_of_record
SF:lib\domain\usecases\movie\get_watchlist_movies.dart
DA:9,1
DA:11,1
DA:12,2
LF:3
LH:3
end_of_record
SF:lib\domain\usecases\movie\get_watchlist_status.dart
DA:6,1
DA:8,1
DA:9,2
LF:3
LH:3
end_of_record
SF:lib\domain\usecases\movie\remove_watchlist.dart
DA:9,1
DA:11,1
DA:12,2
LF:3
LH:3
end_of_record
SF:lib\domain\usecases\movie\save_watchlist.dart
DA:9,1
DA:11,1
DA:12,2
LF:3
LH:3
end_of_record
SF:lib\domain\usecases\movie\search_movies.dart
DA:9,1
DA:11,1
DA:12,2
LF:3
LH:3
end_of_record
SF:lib\domain\usecases\tv\get_now_playing_tv.dart
DA:9,1
DA:11,1
DA:12,2
LF:3
LH:3
end_of_record
SF:lib\domain\usecases\tv\get_popular_tv.dart
DA:9,1
DA:11,1
DA:12,2
LF:3
LH:3
end_of_record
SF:lib\domain\usecases\tv\get_top_rated_tv.dart
DA:9,1
DA:11,1
DA:12,2
LF:3
LH:3
end_of_record
SF:lib\domain\usecases\tv\get_tv_detail.dart
DA:9,1
DA:11,1
DA:12,2
LF:3
LH:3
end_of_record
SF:lib\domain\usecases\tv\get_tv_recommendations.dart
DA:9,1
DA:11,1
DA:12,2
LF:3
LH:3
end_of_record
SF:lib\domain\usecases\tv\get_watchlist_status_tv.dart
DA:6,1
DA:8,1
DA:9,2
LF:3
LH:3
end_of_record
SF:lib\domain\usecases\tv\get_watchlist_tv.dart
DA:9,1
DA:11,1
DA:12,2
LF:3
LH:3
end_of_record
SF:lib\domain\usecases\tv\remove_watchlist_tv.dart
DA:9,1
DA:11,1
DA:12,2
LF:3
LH:3
end_of_record
SF:lib\domain\usecases\tv\save_watchlist_tv.dart
DA:9,1
DA:11,1
DA:12,2
LF:3
LH:3
end_of_record
SF:lib\domain\usecases\tv\search_tv.dart
DA:9,1
DA:11,1
DA:12,2
LF:3
LH:3
end_of_record
SF:lib\presentation\bloc\movie\detail\movie_detail_state.dart
DA:4,2
DA:6,1
DA:7,1
DA:17,2
DA:19,1
DA:20,2
DA:26,1
DA:28,1
DA:29,2
LF:9
LH:9
end_of_record
SF:lib\presentation\bloc\movie\detail\movie_detail_event.dart
DA:4,1
DA:6,0
DA:7,0
DA:13,1
DA:15,0
DA:16,0
LF:6
LH:2
end_of_record
SF:lib\presentation\bloc\movie\detail\movie_detail_bloc.dart
DA:12,1
DA:14,2
DA:15,2
DA:16,2
DA:17,4
DA:18,1
DA:19,1
DA:20,3
DA:22,1
DA:23,2
LF:10
LH:10
end_of_record
SF:lib\presentation\bloc\movie\now_playing\movie_now_playing_state.dart
DA:4,2
DA:6,1
DA:7,1
DA:17,2
DA:19,1
DA:20,2
DA:26,1
DA:28,1
DA:29,2
LF:9
LH:9
end_of_record
SF:lib\presentation\bloc\movie\now_playing\movie_now_playing_event.dart
DA:4,1
DA:6,0
DA:7,0
LF:3
LH:1
end_of_record
SF:lib\presentation\bloc\movie\now_playing\movie_now_playing_bloc.dart
DA:13,1
DA:15,2
DA:16,2
DA:17,2
DA:18,3
DA:19,1
DA:20,1
DA:21,3
DA:23,1
DA:24,2
LF:10
LH:10
end_of_record
SF:lib\presentation\bloc\movie\popular\movie_popular_state.dart
DA:4,1
DA:6,1
DA:7,1
DA:17,1
DA:19,1
DA:20,2
DA:26,1
DA:28,1
DA:29,2
LF:9
LH:9
end_of_record
SF:lib\presentation\bloc\movie\popular\movie_popular_event.dart
DA:4,1
DA:6,0
DA:7,0
LF:3
LH:1
end_of_record
SF:lib\presentation\bloc\movie\popular\movie_popular_bloc.dart
DA:12,1
DA:14,2
DA:15,2
DA:16,2
DA:17,3
DA:18,1
DA:19,1
DA:20,3
DA:22,1
DA:23,2
LF:10
LH:10
end_of_record
SF:lib\presentation\bloc\movie\recommendation\movie_recommendation_state.dart
DA:4,2
DA:6,1
DA:7,1
DA:17,2
DA:19,1
DA:20,2
DA:26,1
DA:28,1
DA:29,2
LF:9
LH:9
end_of_record
SF:lib\presentation\bloc\movie\recommendation\movie_recommendation_event.dart
DA:4,1
DA:6,0
DA:7,0
DA:13,1
DA:15,0
DA:16,0
LF:6
LH:2
end_of_record
SF:lib\presentation\bloc\movie\recommendation\movie_recommendation_bloc.dart
DA:13,1
DA:15,2
DA:16,2
DA:17,2
DA:18,4
DA:19,1
DA:20,1
DA:21,3
DA:23,1
DA:24,2
LF:10
LH:10
end_of_record
SF:lib\presentation\bloc\movie\top_rated\movie_top_rated_state.dart
DA:4,1
DA:6,1
DA:7,1
DA:17,1
DA:19,1
DA:20,2
DA:26,1
DA:28,1
DA:29,2
LF:9
LH:9
end_of_record
SF:lib\presentation\bloc\movie\top_rated\movie_top_rated_bloc.dart
DA:12,1
DA:14,2
DA:15,2
DA:16,2
DA:17,3
DA:18,1
DA:19,1
DA:20,3
DA:22,1
DA:23,2
LF:10
LH:10
end_of_record
SF:lib\presentation\bloc\movie\top_rated\movie_top_rated_event.dart
DA:4,1
DA:6,0
DA:7,0
LF:3
LH:1
end_of_record
SF:lib\presentation\bloc\movie\search\movie_search_state.dart
DA:4,2
DA:6,1
DA:7,1
DA:17,2
DA:19,1
DA:20,2
DA:26,1
DA:28,1
DA:29,2
LF:9
LH:9
end_of_record
SF:lib\presentation\bloc\movie\search\movie_search_event.dart
DA:4,1
DA:6,0
DA:7,0
DA:15,1
DA:17,0
DA:18,0
LF:6
LH:2
end_of_record
SF:lib\presentation\bloc\movie\search\movie_search_bloc.dart
DA:12,1
DA:14,2
DA:15,1
DA:16,2
DA:17,2
DA:18,4
DA:19,1
DA:20,1
DA:21,3
DA:23,1
DA:24,2
LF:11
LH:11
end_of_record
SF:lib\presentation\bloc\movie\watchlist\movie_watchlist_state.dart
DA:4,2
DA:6,1
DA:7,1
DA:17,2
DA:19,1
DA:20,2
DA:26,2
DA:28,1
DA:29,2
DA:35,1
DA:37,1
DA:38,2
DA:44,2
DA:46,1
DA:47,2
LF:15
LH:15
end_of_record
SF:lib\presentation\bloc\movie\watchlist\movie_watchlist_event.dart
DA:4,2
DA:6,0
DA:7,0
DA:15,1
DA:17,0
DA:18,0
DA:24,0
DA:26,0
DA:27,0
DA:33,1
DA:35,0
DA:36,0
DA:43,1
DA:45,0
DA:46,0
LF:15
LH:4
end_of_record
SF:lib\presentation\bloc\movie\watchlist\movie_watchlist_bloc.dart
DA:22,1
DA:27,2
DA:28,2
DA:29,2
DA:30,3
DA:32,1
DA:33,1
DA:34,3
DA:36,1
DA:37,2
DA:42,2
DA:43,4
DA:45,2
DA:48,2
DA:49,1
DA:50,3
DA:51,1
DA:52,1
DA:53,3
DA:55,1
DA:56,2
DA:61,2
DA:62,1
DA:63,3
DA:65,1
DA:66,1
DA:67,3
DA:69,1
DA:70,2
LF:29
LH:29
end_of_record
SF:lib\presentation\bloc\tv\on_air\tv_on_air_state.dart
DA:4,2
DA:6,1
DA:7,1
DA:17,2
DA:19,1
DA:20,2
DA:26,1
DA:28,1
DA:29,2
LF:9
LH:9
end_of_record
SF:lib\presentation\bloc\tv\on_air\tv_on_air_event.dart
DA:4,1
DA:6,0
DA:7,0
LF:3
LH:1
end_of_record
SF:lib\presentation\bloc\tv\on_air\tv_on_air_bloc.dart
DA:12,1
DA:14,2
DA:15,2
DA:16,2
DA:17,3
DA:18,1
DA:19,1
DA:20,3
DA:22,1
DA:23,2
LF:10
LH:10
end_of_record
SF:lib\presentation\bloc\tv\popular\tv_popular_bloc.dart
DA:12,1
DA:14,2
DA:15,2
DA:16,2
DA:17,3
DA:18,1
DA:19,1
DA:20,3
DA:22,1
DA:23,2
LF:10
LH:10
end_of_record
SF:lib\presentation\bloc\tv\popular\tv_popular_state.dart
DA:4,1
DA:6,1
DA:7,1
DA:17,1
DA:19,1
DA:20,2
DA:26,1
DA:28,1
DA:29,2
LF:9
LH:9
end_of_record
SF:lib\presentation\bloc\tv\popular\tv_popular_event.dart
DA:4,1
DA:6,0
DA:7,0
LF:3
LH:1
end_of_record
SF:lib\presentation\bloc\tv\recommendation\tv_recommendation_state.dart
DA:4,2
DA:6,1
DA:7,1
DA:17,2
DA:19,1
DA:20,2
DA:26,1
DA:28,1
DA:29,2
LF:9
LH:9
end_of_record
SF:lib\presentation\bloc\tv\recommendation\tv_recommendation_event.dart
DA:4,1
DA:6,0
DA:7,0
DA:13,1
DA:15,0
DA:16,0
LF:6
LH:2
end_of_record
SF:lib\presentation\bloc\tv\recommendation\tv_recommendation_bloc.dart
DA:13,1
DA:15,2
DA:16,2
DA:17,2
DA:18,4
DA:19,1
DA:20,1
DA:21,3
DA:23,1
DA:24,2
LF:10
LH:10
end_of_record
SF:lib\presentation\bloc\tv\search\tv_search_state.dart
DA:4,2
DA:6,1
DA:7,1
DA:17,2
DA:19,1
DA:20,2
DA:26,1
DA:28,1
DA:29,2
LF:9
LH:9
end_of_record
SF:lib\presentation\bloc\tv\search\tv_search_event.dart
DA:4,1
DA:6,0
DA:7,0
DA:15,1
DA:17,0
DA:18,0
LF:6
LH:2
end_of_record
SF:lib\presentation\bloc\tv\search\tv_search_bloc.dart
DA:12,1
DA:14,2
DA:15,1
DA:17,2
DA:18,2
DA:19,4
DA:20,1
DA:21,1
DA:22,3
DA:24,1
DA:25,2
LF:11
LH:11
end_of_record
SF:lib\presentation\bloc\tv\top_rated\tv_top_rated_state.dart
DA:4,2
DA:6,1
DA:7,1
DA:17,2
DA:19,1
DA:20,2
DA:26,1
DA:28,1
DA:29,2
LF:9
LH:9
end_of_record
SF:lib\presentation\bloc\tv\top_rated\tv_top_rated_event.dart
DA:4,1
DA:6,0
DA:7,0
LF:3
LH:1
end_of_record
SF:lib\presentation\bloc\tv\top_rated\tv_top_rated_bloc.dart
DA:12,1
DA:14,2
DA:15,2
DA:16,2
DA:17,3
DA:18,1
DA:19,1
DA:20,3
DA:22,1
DA:23,2
LF:10
LH:10
end_of_record
SF:lib\presentation\bloc\tv\detail\tv_detail_state.dart
DA:4,2
DA:6,1
DA:7,1
DA:17,2
DA:19,1
DA:20,2
DA:26,1
DA:28,1
DA:29,2
LF:9
LH:9
end_of_record
SF:lib\presentation\bloc\tv\detail\tv_detail_event.dart
DA:4,1
DA:6,0
DA:7,0
DA:13,1
DA:15,0
DA:16,0
LF:6
LH:2
end_of_record
SF:lib\presentation\bloc\tv\detail\tv_detail_bloc.dart
DA:12,1
DA:14,2
DA:15,2
DA:16,2
DA:17,4
DA:18,1
DA:19,1
DA:20,3
DA:22,1
DA:23,2
LF:10
LH:10
end_of_record
SF:lib\presentation\bloc\tv\watchlist\tv_watchlist_event.dart
DA:4,2
DA:6,0
DA:7,0
DA:15,1
DA:17,0
DA:18,0
DA:24,1
DA:26,0
DA:27,0
DA:33,1
DA:35,0
DA:36,0
LF:12
LH:4
end_of_record
SF:lib\presentation\bloc\tv\watchlist\tv_watchlist_bloc.dart
DA:22,1
DA:27,2
DA:28,2
DA:29,2
DA:30,3
DA:31,1
DA:32,1
DA:33,3
DA:35,1
DA:36,2
DA:41,2
DA:42,1
DA:43,3
DA:45,2
DA:48,2
DA:49,1
DA:50,3
DA:52,1
DA:53,1
DA:54,3
DA:56,1
DA:57,2
DA:62,2
DA:63,1
DA:64,3
DA:66,1
DA:67,1
DA:68,3
DA:70,1
DA:71,2
LF:30
LH:30
end_of_record
SF:lib\presentation\bloc\tv\watchlist\tv_watchlist_state.dart
DA:4,2
DA:6,1
DA:7,1
DA:17,2
DA:19,1
DA:20,2
DA:26,2
DA:28,1
DA:29,2
DA:35,1
DA:37,1
DA:38,2
DA:44,2
DA:46,1
DA:47,2
LF:15
LH:15
end_of_record
